[ 2017-11-02T00:48:09+08:00 ] 127.0.0.1 /Admin/User/check_verify?code=2
INFO: [ app_begin ] --START--
INFO: Run Behavior\ReadHtmlCacheBehavior [ RunTime:0.002849s ]
INFO: [ app_begin ] --END-- [ RunTime:0.006937s ]

[ 2017-11-02T00:48:09+08:00 ] 127.0.0.1 /Admin/User/check_verify?code=23
INFO: [ app_begin ] --START--
INFO: Run Behavior\ReadHtmlCacheBehavior [ RunTime:0.000421s ]
INFO: [ app_begin ] --END-- [ RunTime:0.000963s ]

[ 2017-11-02T00:48:12+08:00 ] 127.0.0.1 /Admin/User/check_verify?code=23w
INFO: [ app_begin ] --START--
INFO: Run Behavior\ReadHtmlCacheBehavior [ RunTime:0.000550s ]
INFO: [ app_begin ] --END-- [ RunTime:0.000958s ]

[ 2017-11-02T00:48:15+08:00 ] 127.0.0.1 /Admin/User/check_verify?code=23wa
INFO: [ app_begin ] --START--
INFO: Run Behavior\ReadHtmlCacheBehavior [ RunTime:0.000496s ]
INFO: [ app_begin ] --END-- [ RunTime:0.000874s ]

[ 2017-11-02T00:48:22+08:00 ] 127.0.0.1 /Admin/User/check_verify?code=1
INFO: [ app_begin ] --START--
INFO: Run Behavior\ReadHtmlCacheBehavior [ RunTime:0.000671s ]
INFO: [ app_begin ] --END-- [ RunTime:0.001172s ]

[ 2017-11-02T00:48:23+08:00 ] 127.0.0.1 /Admin/User/check_verify?code=12
INFO: [ app_begin ] --START--
INFO: Run Behavior\ReadHtmlCacheBehavior [ RunTime:0.000520s ]
INFO: [ app_begin ] --END-- [ RunTime:0.001057s ]

[ 2017-11-02T00:48:23+08:00 ] 127.0.0.1 /Admin/User/check_verify?code=125
INFO: [ app_begin ] --START--
INFO: Run Behavior\ReadHtmlCacheBehavior [ RunTime:0.000977s ]
INFO: [ app_begin ] --END-- [ RunTime:0.001939s ]

[ 2017-11-02T00:48:24+08:00 ] 127.0.0.1 /Admin/User/check_verify?code=1257
INFO: [ app_begin ] --START--
INFO: Run Behavior\ReadHtmlCacheBehavior [ RunTime:0.001417s ]
INFO: [ app_begin ] --END-- [ RunTime:0.002402s ]

[ 2017-11-02T00:49:01+08:00 ] 127.0.0.1 /Admin/User/check_verify?code=eggre
INFO: [ app_begin ] --START--
INFO: Run Behavior\ReadHtmlCacheBehavior [ RunTime:0.000693s ]
INFO: [ app_begin ] --END-- [ RunTime:0.001203s ]

[ 2017-11-02T00:56:08+08:00 ] 127.0.0.1 /Admin/User/check_verify?code=1275
INFO: [ app_begin ] --START--
INFO: Run Behavior\ReadHtmlCacheBehavior [ RunTime:0.001456s ]
INFO: [ app_begin ] --END-- [ RunTime:0.002189s ]

[ 2017-11-02T00:56:21+08:00 ] 127.0.0.1 /admin/user/login
INFO: [ app_begin ] --START--
INFO: Run Behavior\ReadHtmlCacheBehavior [ RunTime:0.000337s ]
INFO: [ app_begin ] --END-- [ RunTime:0.000597s ]
SQL: SHOW COLUMNS FROM `users` [ RunTime:0.0027s ]
SQL: SELECT * FROM `users` WHERE `email` = 'admin@gmail.com' LIMIT 1   [ RunTime:0.0005s ]

[ 2017-11-02T11:30:50+08:00 ] 127.0.0.1 /Admin/User/check_verify?code=8387
INFO: [ app_begin ] --START--
INFO: Run Behavior\ReadHtmlCacheBehavior [ RunTime:0.001475s ]
INFO: [ app_begin ] --END-- [ RunTime:0.002291s ]

[ 2017-11-02T11:30:50+08:00 ] 127.0.0.1 /admin/user/login
INFO: [ app_begin ] --START--
INFO: Run Behavior\ReadHtmlCacheBehavior [ RunTime:0.001729s ]
INFO: [ app_begin ] --END-- [ RunTime:0.002539s ]
SQL: SHOW COLUMNS FROM `users` [ RunTime:0.0015s ]
SQL: SELECT * FROM `users` WHERE `email` = 'admin@gmail.com' LIMIT 1   [ RunTime:0.0003s ]

[ 2017-11-02T11:33:12+08:00 ] 127.0.0.1 /Admin/User/check_verify?code=71
INFO: [ app_begin ] --START--
INFO: Run Behavior\ReadHtmlCacheBehavior [ RunTime:0.002850s ]
INFO: [ app_begin ] --END-- [ RunTime:0.003665s ]

[ 2017-11-02T11:33:12+08:00 ] 127.0.0.1 /admin/user/login
INFO: [ app_begin ] --START--
INFO: Run Behavior\ReadHtmlCacheBehavior [ RunTime:0.000476s ]
INFO: [ app_begin ] --END-- [ RunTime:0.000863s ]
SQL: SHOW COLUMNS FROM `users` [ RunTime:0.0048s ]
SQL: SELECT * FROM `users` WHERE `email` = 'admin@gmail.com' LIMIT 1   [ RunTime:0.0005s ]

[ 2017-11-02T11:34:22+08:00 ] 127.0.0.1 /admin/user/login
INFO: [ app_begin ] --START--
INFO: Run Behavior\ReadHtmlCacheBehavior [ RunTime:0.000349s ]
INFO: [ app_begin ] --END-- [ RunTime:0.000617s ]
SQL: SHOW COLUMNS FROM `users` [ RunTime:0.0018s ]
SQL: SELECT * FROM `users` WHERE `email` = 'admin@gmail.com' LIMIT 1   [ RunTime:0.0004s ]
INFO: [ app_end ] --START--
INFO: Run Behavior\ShowPageTraceBehavior [ RunTime:0.000612s ]
INFO: [ app_end ] --END-- [ RunTime:0.000683s ]

[ 2017-11-02T11:34:55+08:00 ] 127.0.0.1 /Admin/User/check_verify?code=7
INFO: [ app_begin ] --START--
INFO: Run Behavior\ReadHtmlCacheBehavior [ RunTime:0.000739s ]
INFO: [ app_begin ] --END-- [ RunTime:0.001366s ]

[ 2017-11-02T11:34:55+08:00 ] 127.0.0.1 /Admin/User/check_verify?code=75
INFO: [ app_begin ] --START--
INFO: Run Behavior\ReadHtmlCacheBehavior [ RunTime:0.000870s ]
INFO: [ app_begin ] --END-- [ RunTime:0.001560s ]

[ 2017-11-02T11:34:57+08:00 ] 127.0.0.1 /admin/user/login
INFO: [ app_begin ] --START--
INFO: Run Behavior\ReadHtmlCacheBehavior [ RunTime:0.000610s ]
INFO: [ app_begin ] --END-- [ RunTime:0.001034s ]
SQL: SHOW COLUMNS FROM `users` [ RunTime:0.0040s ]
SQL: SELECT * FROM `users` WHERE `email` = 'admin@gmail.com' LIMIT 1   [ RunTime:0.0003s ]
INFO: [ app_end ] --START--
INFO: Run Behavior\ShowPageTraceBehavior [ RunTime:0.000472s ]
INFO: [ app_end ] --END-- [ RunTime:0.000521s ]

[ 2017-11-02T12:29:34+08:00 ] 127.0.0.1 /Admin/User/check_verify?code=58
INFO: [ app_begin ] --START--
INFO: Run Behavior\ReadHtmlCacheBehavior [ RunTime:0.000491s ]
INFO: [ app_begin ] --END-- [ RunTime:0.000822s ]

[ 2017-11-02T12:29:34+08:00 ] 127.0.0.1 /admin/user/login
INFO: [ app_begin ] --START--
INFO: Run Behavior\ReadHtmlCacheBehavior [ RunTime:0.000384s ]
INFO: [ app_begin ] --END-- [ RunTime:0.000682s ]
SQL: SHOW COLUMNS FROM `users` [ RunTime:0.0015s ]
SQL: SELECT * FROM `users` WHERE `email` = 'admin@gmail.com' LIMIT 1   [ RunTime:0.0003s ]

[ 2017-11-02T12:30:32+08:00 ] 127.0.0.1 /Admin/User/check_verify?code=21
INFO: [ app_begin ] --START--
INFO: Run Behavior\ReadHtmlCacheBehavior [ RunTime:0.000655s ]
INFO: [ app_begin ] --END-- [ RunTime:0.001153s ]

[ 2017-11-02T12:30:32+08:00 ] 127.0.0.1 /admin/user/login
INFO: [ app_begin ] --START--
INFO: Run Behavior\ReadHtmlCacheBehavior [ RunTime:0.000374s ]
INFO: [ app_begin ] --END-- [ RunTime:0.000714s ]
SQL: SHOW COLUMNS FROM `users` [ RunTime:0.0013s ]
SQL: SELECT * FROM `users` WHERE `email` = 'admin@gmail.com' LIMIT 1   [ RunTime:0.0003s ]

[ 2017-11-02T12:32:40+08:00 ] 127.0.0.1 /Admin/User/check_verify?code=ef
INFO: [ app_begin ] --START--
INFO: Run Behavior\ReadHtmlCacheBehavior [ RunTime:0.000819s ]
INFO: [ app_begin ] --END-- [ RunTime:0.001387s ]

[ 2017-11-02T12:32:44+08:00 ] 127.0.0.1 /Admin/User/check_verify?code=e
INFO: [ app_begin ] --START--
INFO: Run Behavior\ReadHtmlCacheBehavior [ RunTime:0.000758s ]
INFO: [ app_begin ] --END-- [ RunTime:0.001397s ]

[ 2017-11-02T12:32:45+08:00 ] 127.0.0.1 /Admin/User/check_verify?code=5
INFO: [ app_begin ] --START--
INFO: Run Behavior\ReadHtmlCacheBehavior [ RunTime:0.001195s ]
INFO: [ app_begin ] --END-- [ RunTime:0.002003s ]

[ 2017-11-02T12:32:46+08:00 ] 127.0.0.1 /Admin/User/check_verify?code=58
INFO: [ app_begin ] --START--
INFO: Run Behavior\ReadHtmlCacheBehavior [ RunTime:0.000871s ]
INFO: [ app_begin ] --END-- [ RunTime:0.001570s ]

[ 2017-11-02T12:32:50+08:00 ] 127.0.0.1 /admin/user/login
INFO: [ app_begin ] --START--
INFO: Run Behavior\ReadHtmlCacheBehavior [ RunTime:0.000346s ]
INFO: [ app_begin ] --END-- [ RunTime:0.000629s ]
SQL: SHOW COLUMNS FROM `users` [ RunTime:0.0007s ]
SQL: SELECT * FROM `users` WHERE `email` = 'admin@gmail.com' LIMIT 1   [ RunTime:0.0005s ]

[ 2017-11-02T12:34:00+08:00 ] 127.0.0.1 /admin/user/login
INFO: [ app_begin ] --START--
INFO: Run Behavior\ReadHtmlCacheBehavior [ RunTime:0.000350s ]
INFO: [ app_begin ] --END-- [ RunTime:0.000624s ]
SQL: SHOW COLUMNS FROM `users` [ RunTime:0.0019s ]
SQL: SELECT * FROM `users` WHERE `email` = 'admin@gmail.com' LIMIT 1   [ RunTime:0.0004s ]

[ 2017-11-02T12:34:25+08:00 ] 127.0.0.1 /Admin/User/check_verify?code=5
INFO: [ app_begin ] --START--
INFO: Run Behavior\ReadHtmlCacheBehavior [ RunTime:0.000422s ]
INFO: [ app_begin ] --END-- [ RunTime:0.000731s ]

[ 2017-11-02T12:34:26+08:00 ] 127.0.0.1 /Admin/User/check_verify?code=50
INFO: [ app_begin ] --START--
INFO: Run Behavior\ReadHtmlCacheBehavior [ RunTime:0.000745s ]
INFO: [ app_begin ] --END-- [ RunTime:0.001349s ]

[ 2017-11-02T12:34:27+08:00 ] 127.0.0.1 /admin/user/login
INFO: [ app_begin ] --START--
INFO: Run Behavior\ReadHtmlCacheBehavior [ RunTime:0.000653s ]
INFO: [ app_begin ] --END-- [ RunTime:0.001190s ]
SQL: SHOW COLUMNS FROM `users` [ RunTime:0.0016s ]
SQL: SELECT * FROM `users` WHERE `email` = 'admin@gmail.com' LIMIT 1   [ RunTime:0.0004s ]

[ 2017-11-02T12:35:23+08:00 ] 127.0.0.1 /admin/user/login
INFO: [ app_begin ] --START--
INFO: Run Behavior\ReadHtmlCacheBehavior [ RunTime:0.000374s ]
INFO: [ app_begin ] --END-- [ RunTime:0.000700s ]
SQL: SHOW COLUMNS FROM `users` [ RunTime:0.0006s ]
SQL: SELECT * FROM `users` WHERE `email` = 'admin@gmail.com' LIMIT 1   [ RunTime:0.0004s ]

[ 2017-11-02T12:35:37+08:00 ] 127.0.0.1 /admin/user/login
INFO: [ app_begin ] --START--
INFO: Run Behavior\ReadHtmlCacheBehavior [ RunTime:0.000365s ]
INFO: [ app_begin ] --END-- [ RunTime:0.000770s ]
SQL: SHOW COLUMNS FROM `users` [ RunTime:0.0006s ]
SQL: SELECT * FROM `users` WHERE `email` = 'admin@gmail.com' LIMIT 1   [ RunTime:0.0003s ]

[ 2017-11-02T13:05:23+08:00 ] 127.0.0.1 /Admin/User/check_verify?code=96
INFO: [ app_begin ] --START--
INFO: Run Behavior\ReadHtmlCacheBehavior [ RunTime:0.000595s ]
INFO: [ app_begin ] --END-- [ RunTime:0.001016s ]

[ 2017-11-02T13:05:23+08:00 ] 127.0.0.1 /admin/user/login
INFO: [ app_begin ] --START--
INFO: Run Behavior\ReadHtmlCacheBehavior [ RunTime:0.000403s ]
INFO: [ app_begin ] --END-- [ RunTime:0.000702s ]
SQL: SHOW COLUMNS FROM `users` [ RunTime:0.0009s ]
SQL: SELECT * FROM `users` WHERE `email` = 'admin@gmail.com' LIMIT 1   [ RunTime:0.0004s ]

[ 2017-11-02T13:07:29+08:00 ] 127.0.0.1 /admin/user/login
INFO: [ app_begin ] --START--
INFO: Run Behavior\ReadHtmlCacheBehavior [ RunTime:0.000485s ]
INFO: [ app_begin ] --END-- [ RunTime:0.000880s ]
SQL: SHOW COLUMNS FROM `users` [ RunTime:0.0038s ]
SQL: SELECT * FROM `users` WHERE `email` = 'admin@gmail.com' LIMIT 1   [ RunTime:0.0006s ]

[ 2017-11-02T13:08:36+08:00 ] 127.0.0.1 /admin/user/login
INFO: [ app_begin ] --START--
INFO: Run Behavior\ReadHtmlCacheBehavior [ RunTime:0.000429s ]
INFO: [ app_begin ] --END-- [ RunTime:0.000773s ]
SQL: SHOW COLUMNS FROM `users` [ RunTime:0.0009s ]
SQL: SELECT * FROM `users` WHERE `email` = 'admin@gmail.com' LIMIT 1   [ RunTime:0.0004s ]
INFO: [ view_parse ] --START--
INFO: [ template_filter ] --START--
INFO: Run Behavior\ContentReplaceBehavior [ RunTime:0.000131s ]
INFO: [ template_filter ] --END-- [ RunTime:0.000293s ]
INFO: Run Behavior\ParseTemplateBehavior [ RunTime:0.010104s ]
INFO: [ view_parse ] --END-- [ RunTime:0.010165s ]
INFO: [ view_filter ] --START--
INFO: Run Behavior\WriteHtmlCacheBehavior [ RunTime:0.000334s ]
INFO: [ view_filter ] --END-- [ RunTime:0.000378s ]
INFO: [ app_end ] --START--
INFO: Run Behavior\ShowPageTraceBehavior [ RunTime:0.000449s ]
INFO: [ app_end ] --END-- [ RunTime:0.000494s ]

[ 2017-11-02T13:09:09+08:00 ] 127.0.0.1 /Admin/User/check_verify?code=10
INFO: [ app_begin ] --START--
INFO: Run Behavior\ReadHtmlCacheBehavior [ RunTime:0.000587s ]
INFO: [ app_begin ] --END-- [ RunTime:0.001020s ]

[ 2017-11-02T13:09:09+08:00 ] 127.0.0.1 /admin/user/login
INFO: [ app_begin ] --START--
INFO: Run Behavior\ReadHtmlCacheBehavior [ RunTime:0.000373s ]
INFO: [ app_begin ] --END-- [ RunTime:0.000685s ]
SQL: SHOW COLUMNS FROM `users` [ RunTime:0.0006s ]
SQL: SELECT * FROM `users` WHERE `email` = 'admin@gmail.com' LIMIT 1   [ RunTime:0.0004s ]
INFO: [ view_parse ] --START--
INFO: [ template_filter ] --START--
INFO: Run Behavior\ContentReplaceBehavior [ RunTime:0.000049s ]
INFO: [ template_filter ] --END-- [ RunTime:0.000103s ]
INFO: Run Behavior\ParseTemplateBehavior [ RunTime:0.006775s ]
INFO: [ view_parse ] --END-- [ RunTime:0.007274s ]
INFO: [ view_filter ] --START--
INFO: Run Behavior\WriteHtmlCacheBehavior [ RunTime:0.000461s ]
INFO: [ view_filter ] --END-- [ RunTime:0.000525s ]
INFO: [ app_end ] --START--
INFO: Run Behavior\ShowPageTraceBehavior [ RunTime:0.000387s ]
INFO: [ app_end ] --END-- [ RunTime:0.000445s ]

[ 2017-11-02T13:09:46+08:00 ] 127.0.0.1 /admin/user/login
INFO: [ app_begin ] --START--
INFO: Run Behavior\ReadHtmlCacheBehavior [ RunTime:0.000498s ]
INFO: [ app_begin ] --END-- [ RunTime:0.000827s ]
SQL: SHOW COLUMNS FROM `users` [ RunTime:0.0007s ]
SQL: SELECT * FROM `users` WHERE `email` = 'admin@gmail.com' LIMIT 1   [ RunTime:0.0004s ]
INFO: [ view_parse ] --START--
INFO: [ template_filter ] --START--
INFO: Run Behavior\ContentReplaceBehavior [ RunTime:0.000052s ]
INFO: [ template_filter ] --END-- [ RunTime:0.000113s ]
INFO: Run Behavior\ParseTemplateBehavior [ RunTime:0.024085s ]
INFO: [ view_parse ] --END-- [ RunTime:0.024145s ]
INFO: [ view_filter ] --START--
INFO: Run Behavior\WriteHtmlCacheBehavior [ RunTime:0.001751s ]
INFO: [ view_filter ] --END-- [ RunTime:0.001877s ]
INFO: [ app_end ] --START--
INFO: Run Behavior\ShowPageTraceBehavior [ RunTime:0.001824s ]
INFO: [ app_end ] --END-- [ RunTime:0.001922s ]

[ 2017-11-02T13:10:14+08:00 ] 127.0.0.1 /Admin/User/check_verify?code=4
INFO: [ app_begin ] --START--
INFO: Run Behavior\ReadHtmlCacheBehavior [ RunTime:0.001139s ]
INFO: [ app_begin ] --END-- [ RunTime:0.002030s ]

[ 2017-11-02T13:10:16+08:00 ] 127.0.0.1 /Admin/User/check_verify?code=49
INFO: [ app_begin ] --START--
INFO: Run Behavior\ReadHtmlCacheBehavior [ RunTime:0.000715s ]
INFO: [ app_begin ] --END-- [ RunTime:0.001362s ]

[ 2017-11-02T13:10:17+08:00 ] 127.0.0.1 /admin/user/login
INFO: [ app_begin ] --START--
INFO: Run Behavior\ReadHtmlCacheBehavior [ RunTime:0.000838s ]
INFO: [ app_begin ] --END-- [ RunTime:0.001471s ]
SQL: SHOW COLUMNS FROM `users` [ RunTime:0.0016s ]
SQL: SELECT * FROM `users` WHERE `email` = 'admin@gmail.com' LIMIT 1   [ RunTime:0.0004s ]
INFO: [ view_parse ] --START--
INFO: [ template_filter ] --START--
INFO: Run Behavior\ContentReplaceBehavior [ RunTime:0.000455s ]
INFO: [ template_filter ] --END-- [ RunTime:0.000818s ]
INFO: Run Behavior\ParseTemplateBehavior [ RunTime:0.011287s ]
INFO: [ view_parse ] --END-- [ RunTime:0.011347s ]
INFO: [ view_filter ] --START--
INFO: Run Behavior\WriteHtmlCacheBehavior [ RunTime:0.000259s ]
INFO: [ view_filter ] --END-- [ RunTime:0.000303s ]
INFO: [ app_end ] --START--
INFO: Run Behavior\ShowPageTraceBehavior [ RunTime:0.000400s ]
INFO: [ app_end ] --END-- [ RunTime:0.000445s ]

[ 2017-11-02T13:17:38+08:00 ] 127.0.0.1 /Admin/User/check_verify?code=70
INFO: [ app_begin ] --START--
INFO: Run Behavior\ReadHtmlCacheBehavior [ RunTime:0.000791s ]
INFO: [ app_begin ] --END-- [ RunTime:0.001209s ]

[ 2017-11-02T13:17:38+08:00 ] 127.0.0.1 /admin/user/login
INFO: [ app_begin ] --START--
INFO: Run Behavior\ReadHtmlCacheBehavior [ RunTime:0.000353s ]
INFO: [ app_begin ] --END-- [ RunTime:0.000628s ]
SQL: SHOW COLUMNS FROM `users` [ RunTime:0.0008s ]
SQL: SELECT * FROM `users` WHERE `email` = 'admin@gmail.com' LIMIT 1   [ RunTime:0.0006s ]
INFO: [ view_parse ] --START--
INFO: [ template_filter ] --START--
INFO: Run Behavior\ContentReplaceBehavior [ RunTime:0.000051s ]
INFO: [ template_filter ] --END-- [ RunTime:0.000106s ]
INFO: Run Behavior\ParseTemplateBehavior [ RunTime:0.007889s ]
INFO: [ view_parse ] --END-- [ RunTime:0.008040s ]
INFO: [ view_filter ] --START--
INFO: Run Behavior\WriteHtmlCacheBehavior [ RunTime:0.000320s ]
INFO: [ view_filter ] --END-- [ RunTime:0.000368s ]
INFO: [ app_end ] --START--
INFO: Run Behavior\ShowPageTraceBehavior [ RunTime:0.000456s ]
INFO: [ app_end ] --END-- [ RunTime:0.000502s ]

[ 2017-11-02T13:17:51+08:00 ] 127.0.0.1 /Admin/User/check_verify?code=70
INFO: [ app_begin ] --START--
INFO: Run Behavior\ReadHtmlCacheBehavior [ RunTime:0.000534s ]
INFO: [ app_begin ] --END-- [ RunTime:0.000870s ]

[ 2017-11-02T13:17:59+08:00 ] 127.0.0.1 /Admin/User/check_verify?code=7
INFO: [ app_begin ] --START--
INFO: Run Behavior\ReadHtmlCacheBehavior [ RunTime:0.000560s ]
INFO: [ app_begin ] --END-- [ RunTime:0.000990s ]

[ 2017-11-02T13:18:00+08:00 ] 127.0.0.1 /Admin/User/check_verify?code=2
INFO: [ app_begin ] --START--
INFO: Run Behavior\ReadHtmlCacheBehavior [ RunTime:0.000682s ]
INFO: [ app_begin ] --END-- [ RunTime:0.001201s ]

[ 2017-11-02T13:18:00+08:00 ] 127.0.0.1 /Admin/User/check_verify?code=26
INFO: [ app_begin ] --START--
INFO: Run Behavior\ReadHtmlCacheBehavior [ RunTime:0.000445s ]
INFO: [ app_begin ] --END-- [ RunTime:0.000779s ]

[ 2017-11-02T13:18:09+08:00 ] 127.0.0.1 /Admin/User/check_verify?code=2
INFO: [ app_begin ] --START--
INFO: Run Behavior\ReadHtmlCacheBehavior [ RunTime:0.000854s ]
INFO: [ app_begin ] --END-- [ RunTime:0.001450s ]

[ 2017-11-02T13:18:10+08:00 ] 127.0.0.1 /Admin/User/check_verify?code=20
INFO: [ app_begin ] --START--
INFO: Run Behavior\ReadHtmlCacheBehavior [ RunTime:0.000732s ]
INFO: [ app_begin ] --END-- [ RunTime:0.001258s ]

[ 2017-11-02T13:18:21+08:00 ] 127.0.0.1 /admin/user/login
INFO: [ app_begin ] --START--
INFO: Run Behavior\ReadHtmlCacheBehavior [ RunTime:0.000395s ]
INFO: [ app_begin ] --END-- [ RunTime:0.000715s ]
SQL: SHOW COLUMNS FROM `users` [ RunTime:0.0030s ]
SQL: SELECT * FROM `users` WHERE `email` = 'admin@gmail.com' LIMIT 1   [ RunTime:0.0006s ]
INFO: [ view_parse ] --START--
INFO: [ template_filter ] --START--
INFO: Run Behavior\ContentReplaceBehavior [ RunTime:0.000063s ]
INFO: [ template_filter ] --END-- [ RunTime:0.000305s ]
INFO: Run Behavior\ParseTemplateBehavior [ RunTime:0.011756s ]
INFO: [ view_parse ] --END-- [ RunTime:0.011819s ]
INFO: [ view_filter ] --START--
INFO: Run Behavior\WriteHtmlCacheBehavior [ RunTime:0.000306s ]
INFO: [ view_filter ] --END-- [ RunTime:0.000351s ]
INFO: [ app_end ] --START--
INFO: Run Behavior\ShowPageTraceBehavior [ RunTime:0.000377s ]
INFO: [ app_end ] --END-- [ RunTime:0.000424s ]

[ 2017-11-02T13:19:57+08:00 ] 127.0.0.1 /Admin/User/check_verify?code=26
INFO: [ app_begin ] --START--
INFO: Run Behavior\ReadHtmlCacheBehavior [ RunTime:0.000690s ]
INFO: [ app_begin ] --END-- [ RunTime:0.001207s ]

[ 2017-11-02T13:19:57+08:00 ] 127.0.0.1 /admin/user/login
INFO: [ app_begin ] --START--
INFO: Run Behavior\ReadHtmlCacheBehavior [ RunTime:0.000706s ]
INFO: [ app_begin ] --END-- [ RunTime:0.002098s ]
SQL: SHOW COLUMNS FROM `users` [ RunTime:0.0007s ]
SQL: SELECT * FROM `users` WHERE `email` = 'admin@gmail.com' LIMIT 1   [ RunTime:0.0005s ]

[ 2017-11-02T13:20:42+08:00 ] 127.0.0.1 /admin/user/login
INFO: [ app_begin ] --START--
INFO: Run Behavior\ReadHtmlCacheBehavior [ RunTime:0.001310s ]
INFO: [ app_begin ] --END-- [ RunTime:0.001785s ]
SQL: SHOW COLUMNS FROM `users` [ RunTime:0.0021s ]
SQL: SELECT * FROM `users` WHERE `email` = 'admin@gmail.com' LIMIT 1   [ RunTime:0.0018s ]
INFO: [ app_end ] --START--
INFO: Run Behavior\ShowPageTraceBehavior [ RunTime:0.000902s ]
INFO: [ app_end ] --END-- [ RunTime:0.000986s ]

[ 2017-11-02T15:07:49+08:00 ] 127.0.0.1 /Admin/User/check_verify?code=26
INFO: [ app_begin ] --START--
INFO: Run Behavior\ReadHtmlCacheBehavior [ RunTime:0.000358s ]
INFO: [ app_begin ] --END-- [ RunTime:0.000614s ]

[ 2017-11-02T15:07:49+08:00 ] 127.0.0.1 /admin/user/login
INFO: [ app_begin ] --START--
INFO: Run Behavior\ReadHtmlCacheBehavior [ RunTime:0.000363s ]
INFO: [ app_begin ] --END-- [ RunTime:0.000626s ]
SQL: SHOW COLUMNS FROM `users` [ RunTime:0.0010s ]
ERR: 1146:Table 'car.login_failed' doesn't exist
 [ SQL语句 ] : SHOW COLUMNS FROM `login_failed`
ERR: 1146:Table 'car.login_failed' doesn't exist
 [ SQL语句 ] : SHOW COLUMNS FROM `login_failed`

[ 2017-11-02T15:07:51+08:00 ] 127.0.0.1 /admin/user/login
INFO: [ app_begin ] --START--
INFO: Run Behavior\ReadHtmlCacheBehavior [ RunTime:0.000498s ]
INFO: [ app_begin ] --END-- [ RunTime:0.000858s ]
SQL: SHOW COLUMNS FROM `users` [ RunTime:0.0012s ]
ERR: 1146:Table 'car.login_failed' doesn't exist
 [ SQL语句 ] : SHOW COLUMNS FROM `login_failed`
ERR: 1146:Table 'car.login_failed' doesn't exist
 [ SQL语句 ] : SHOW COLUMNS FROM `login_failed`

[ 2017-11-02T15:08:23+08:00 ] 127.0.0.1 /admin/user/login
INFO: [ app_begin ] --START--
INFO: Run Behavior\ReadHtmlCacheBehavior [ RunTime:0.000910s ]
INFO: [ app_begin ] --END-- [ RunTime:0.001706s ]
SQL: SHOW COLUMNS FROM `users` [ RunTime:0.0007s ]
ERR: 1146:Table 'car.login_failed' doesn't exist
 [ SQL语句 ] : SHOW COLUMNS FROM `login_failed`
ERR: 1146:Table 'car.login_failed' doesn't exist
 [ SQL语句 ] : SHOW COLUMNS FROM `login_failed`

[ 2017-11-02T15:11:53+08:00 ] 127.0.0.1 /Admin/User/check_verify?code=47
INFO: [ app_begin ] --START--
INFO: Run Behavior\ReadHtmlCacheBehavior [ RunTime:0.000663s ]
INFO: [ app_begin ] --END-- [ RunTime:0.001274s ]

[ 2017-11-02T15:11:53+08:00 ] 127.0.0.1 /admin/user/login
INFO: [ app_begin ] --START--
INFO: Run Behavior\ReadHtmlCacheBehavior [ RunTime:0.000400s ]
INFO: [ app_begin ] --END-- [ RunTime:0.000679s ]
SQL: SHOW COLUMNS FROM `users` [ RunTime:0.0009s ]
ERR: 1146:Table 'car.login_failed' doesn't exist
 [ SQL语句 ] : SHOW COLUMNS FROM `login_failed`
ERR: 1146:Table 'car.login_failed' doesn't exist
 [ SQL语句 ] : SHOW COLUMNS FROM `login_failed`

[ 2017-11-02T15:16:12+08:00 ] 127.0.0.1 /admin/user/login
INFO: [ app_begin ] --START--
INFO: Run Behavior\ReadHtmlCacheBehavior [ RunTime:0.000497s ]
INFO: [ app_begin ] --END-- [ RunTime:0.000829s ]
SQL: SHOW COLUMNS FROM `users` [ RunTime:0.0022s ]
ERR: 1146:Table 'car.login_failed' doesn't exist
 [ SQL语句 ] : SHOW COLUMNS FROM `login_failed`
ERR: 1146:Table 'car.login_failed' doesn't exist
 [ SQL语句 ] : SHOW COLUMNS FROM `login_failed`

[ 2017-11-02T15:16:39+08:00 ] 127.0.0.1 /Admin/User/check_verify?code=91
INFO: [ app_begin ] --START--
INFO: Run Behavior\ReadHtmlCacheBehavior [ RunTime:0.000657s ]
INFO: [ app_begin ] --END-- [ RunTime:0.001559s ]

[ 2017-11-02T15:16:39+08:00 ] 127.0.0.1 /admin/user/login
INFO: [ app_begin ] --START--
INFO: Run Behavior\ReadHtmlCacheBehavior [ RunTime:0.000387s ]
INFO: [ app_begin ] --END-- [ RunTime:0.000728s ]
SQL: SHOW COLUMNS FROM `users` [ RunTime:0.0012s ]
ERR: 1146:Table 'car.login_failed' doesn't exist
 [ SQL语句 ] : SHOW COLUMNS FROM `login_failed`
ERR: 1146:Table 'car.login_failed' doesn't exist
 [ SQL语句 ] : SHOW COLUMNS FROM `login_failed`

[ 2017-11-02T15:23:21+08:00 ] 127.0.0.1 /Admin/User/check_verify?code=9
INFO: [ app_begin ] --START--
INFO: Run Behavior\ReadHtmlCacheBehavior [ RunTime:0.000527s ]
INFO: [ app_begin ] --END-- [ RunTime:0.001160s ]

[ 2017-11-02T15:23:21+08:00 ] 127.0.0.1 /Admin/User/check_verify?code=98
INFO: [ app_begin ] --START--
INFO: Run Behavior\ReadHtmlCacheBehavior [ RunTime:0.001006s ]
INFO: [ app_begin ] --END-- [ RunTime:0.001716s ]

[ 2017-11-02T15:23:22+08:00 ] 127.0.0.1 /admin/user/login
INFO: [ app_begin ] --START--
INFO: Run Behavior\ReadHtmlCacheBehavior [ RunTime:0.000680s ]
INFO: [ app_begin ] --END-- [ RunTime:0.001168s ]
SQL: SHOW COLUMNS FROM `users` [ RunTime:0.0025s ]
ERR: 1146:Table 'car.login_failed' doesn't exist
 [ SQL语句 ] : SHOW COLUMNS FROM `login_failed`
ERR: 1146:Table 'car.login_failed' doesn't exist
 [ SQL语句 ] : SHOW COLUMNS FROM `login_failed`

[ 2017-11-02T15:25:05+08:00 ] 127.0.0.1 /Admin/User/check_verify?code=23
INFO: [ app_begin ] --START--
INFO: Run Behavior\ReadHtmlCacheBehavior [ RunTime:0.000525s ]
INFO: [ app_begin ] --END-- [ RunTime:0.000955s ]

[ 2017-11-02T15:25:05+08:00 ] 127.0.0.1 /admin/user/login
INFO: [ app_begin ] --START--
INFO: Run Behavior\ReadHtmlCacheBehavior [ RunTime:0.000672s ]
INFO: [ app_begin ] --END-- [ RunTime:0.001149s ]
SQL: SHOW COLUMNS FROM `users` [ RunTime:0.0007s ]
SQL: SHOW COLUMNS FROM `login_failed` [ RunTime:0.0016s ]
SQL: SELECT * FROM `login_failed` WHERE ( email = 'admin@qq.com' and ip = '127.0.0.1' ) LIMIT 1   [ RunTime:0.0004s ]
SQL: SELECT * FROM `users` WHERE `email` = 'admin@qq.com' LIMIT 1   [ RunTime:0.0005s ]
ERR: Think\Controller:update_failed_times方法不存在！

[ 2017-11-02T15:26:52+08:00 ] 127.0.0.1 /admin/user/login
INFO: [ app_begin ] --START--
INFO: Run Behavior\ReadHtmlCacheBehavior [ RunTime:0.000699s ]
INFO: [ app_begin ] --END-- [ RunTime:0.001164s ]
SQL: SHOW COLUMNS FROM `users` [ RunTime:0.0009s ]
SQL: SHOW COLUMNS FROM `login_failed` [ RunTime:0.0033s ]
SQL: SELECT * FROM `login_failed` WHERE ( email = 'admin@qq.com' and ip = '127.0.0.1' ) LIMIT 1   [ RunTime:0.0007s ]
SQL: SELECT * FROM `users` WHERE `email` = 'admin@qq.com' LIMIT 1   [ RunTime:0.0020s ]
SQL: SELECT * FROM `login_failed` WHERE ( email = 'admin@qq.com' and ip = '127.0.0.1' ) LIMIT 1   [ RunTime:0.0004s ]
SQL: INSERT INTO `login_failed` (`ip`,`email`,`login_at`,`error_times`) VALUES ('127.0.0.1','admin@qq.com','1509607612','1') [ RunTime:0.0055s ]

[ 2017-11-02T15:53:05+08:00 ] 127.0.0.1 /Admin/User/check_verify?code=86
INFO: [ app_begin ] --START--
INFO: Run Behavior\ReadHtmlCacheBehavior [ RunTime:0.000354s ]
INFO: [ app_begin ] --END-- [ RunTime:0.000619s ]

[ 2017-11-02T15:53:05+08:00 ] 127.0.0.1 /admin/user/login
INFO: [ app_begin ] --START--
INFO: Run Behavior\ReadHtmlCacheBehavior [ RunTime:0.000364s ]
INFO: [ app_begin ] --END-- [ RunTime:0.000624s ]
SQL: SHOW COLUMNS FROM `users` [ RunTime:0.0008s ]
SQL: SHOW COLUMNS FROM `login_failed` [ RunTime:0.0012s ]
SQL: SELECT * FROM `login_failed` WHERE ( email = 'admin@qq.com' and ip = '127.0.0.1' ) LIMIT 1   [ RunTime:0.0003s ]
SQL: SELECT * FROM `users` WHERE `email` = 'admin@qq.com' LIMIT 1   [ RunTime:0.0003s ]
SQL: SELECT * FROM `login_failed` WHERE ( email = 'admin@qq.com' and ip = '127.0.0.1' ) LIMIT 1   [ RunTime:0.0002s ]
SQL: INSERT INTO `login_failed` (`ip`,`email`,`login_at`,`error_times`) VALUES ('127.0.0.1','admin@qq.com','1509609185','1') [ RunTime:0.0055s ]

[ 2017-11-02T15:53:13+08:00 ] 127.0.0.1 /admin/user/login
INFO: [ app_begin ] --START--
INFO: Run Behavior\ReadHtmlCacheBehavior [ RunTime:0.000357s ]
INFO: [ app_begin ] --END-- [ RunTime:0.000626s ]
SQL: SHOW COLUMNS FROM `users` [ RunTime:0.0009s ]
SQL: SHOW COLUMNS FROM `login_failed` [ RunTime:0.0022s ]
SQL: SELECT * FROM `login_failed` WHERE ( email = 'admin@qq.com' and ip = '127.0.0.1' ) LIMIT 1   [ RunTime:0.0003s ]
SQL: SELECT * FROM `users` WHERE `email` = 'admin@qq.com' LIMIT 1   [ RunTime:0.0003s ]
SQL: SELECT * FROM `login_failed` WHERE ( email = 'admin@qq.com' and ip = '127.0.0.1' ) LIMIT 1   [ RunTime:0.0004s ]
SQL: UPDATE `login_failed` SET `error_times`=error_times+1 WHERE ( id =1 ) [ RunTime:0.0096s ]

[ 2017-11-02T15:53:23+08:00 ] 127.0.0.1 /admin/user/login
INFO: [ app_begin ] --START--
INFO: Run Behavior\ReadHtmlCacheBehavior [ RunTime:0.000344s ]
INFO: [ app_begin ] --END-- [ RunTime:0.000602s ]
SQL: SHOW COLUMNS FROM `users` [ RunTime:0.0007s ]
SQL: SHOW COLUMNS FROM `login_failed` [ RunTime:0.0012s ]
SQL: SELECT * FROM `login_failed` WHERE ( email = 'admin@qq.com' and ip = '127.0.0.1' ) LIMIT 1   [ RunTime:0.0003s ]
SQL: SELECT * FROM `users` WHERE `email` = 'admin@qq.com' LIMIT 1   [ RunTime:0.0004s ]
SQL: SELECT * FROM `login_failed` WHERE ( email = 'admin@qq.com' and ip = '127.0.0.1' ) LIMIT 1   [ RunTime:0.0004s ]
SQL: UPDATE `login_failed` SET `error_times`=error_times+1 WHERE ( id =1 ) [ RunTime:0.0066s ]

[ 2017-11-02T15:53:44+08:00 ] 127.0.0.1 /admin/user/login
INFO: [ app_begin ] --START--
INFO: Run Behavior\ReadHtmlCacheBehavior [ RunTime:0.000360s ]
INFO: [ app_begin ] --END-- [ RunTime:0.000625s ]
SQL: SHOW COLUMNS FROM `users` [ RunTime:0.0011s ]
SQL: SHOW COLUMNS FROM `login_failed` [ RunTime:0.0013s ]
SQL: SELECT * FROM `login_failed` WHERE ( email = 'admin@qq.com' and ip = '127.0.0.1' ) LIMIT 1   [ RunTime:0.0003s ]
SQL: SELECT * FROM `users` WHERE `email` = 'admin@qq.com' LIMIT 1   [ RunTime:0.0003s ]
SQL: SELECT * FROM `login_failed` WHERE ( email = 'admin@qq.com' and ip = '127.0.0.1' ) LIMIT 1   [ RunTime:0.0003s ]
SQL: UPDATE `login_failed` SET `error_times`=error_times+1 WHERE ( id =1 ) [ RunTime:0.0055s ]

[ 2017-11-02T15:53:52+08:00 ] 127.0.0.1 /admin/user/login
INFO: [ app_begin ] --START--
INFO: Run Behavior\ReadHtmlCacheBehavior [ RunTime:0.000895s ]
INFO: [ app_begin ] --END-- [ RunTime:0.001370s ]
SQL: SHOW COLUMNS FROM `users` [ RunTime:0.0008s ]
SQL: SHOW COLUMNS FROM `login_failed` [ RunTime:0.0011s ]
SQL: SELECT * FROM `login_failed` WHERE ( email = 'admin@qq.com' and ip = '127.0.0.1' ) LIMIT 1   [ RunTime:0.0003s ]
SQL: SELECT * FROM `users` WHERE `email` = 'admin@qq.com' LIMIT 1   [ RunTime:0.0003s ]
SQL: SELECT * FROM `login_failed` WHERE ( email = 'admin@qq.com' and ip = '127.0.0.1' ) LIMIT 1   [ RunTime:0.0003s ]
SQL: UPDATE `login_failed` SET `error_times`=error_times+1 WHERE ( id =1 ) [ RunTime:0.0057s ]

[ 2017-11-02T15:53:59+08:00 ] 127.0.0.1 /admin/user/login
INFO: [ app_begin ] --START--
INFO: Run Behavior\ReadHtmlCacheBehavior [ RunTime:0.000363s ]
INFO: [ app_begin ] --END-- [ RunTime:0.000620s ]
SQL: SHOW COLUMNS FROM `users` [ RunTime:0.0011s ]
SQL: SHOW COLUMNS FROM `login_failed` [ RunTime:0.0017s ]
SQL: SELECT * FROM `login_failed` WHERE ( email = 'admin@qq.com' and ip = '127.0.0.1' ) LIMIT 1   [ RunTime:0.0003s ]

[ 2017-11-02T15:54:19+08:00 ] 127.0.0.1 /admin/user/login
INFO: [ app_begin ] --START--
INFO: Run Behavior\ReadHtmlCacheBehavior [ RunTime:0.000379s ]
INFO: [ app_begin ] --END-- [ RunTime:0.000716s ]
SQL: SHOW COLUMNS FROM `users` [ RunTime:0.0008s ]
SQL: SHOW COLUMNS FROM `login_failed` [ RunTime:0.0006s ]
SQL: SELECT * FROM `login_failed` WHERE ( email = 'admin@qq.com' and ip = '127.0.0.1' ) LIMIT 1   [ RunTime:0.0003s ]

[ 2017-11-02T16:03:46+08:00 ] 127.0.0.1 /admin/user/login
INFO: [ app_begin ] --START--
INFO: Run Behavior\ReadHtmlCacheBehavior [ RunTime:0.000454s ]
INFO: [ app_begin ] --END-- [ RunTime:0.000772s ]
SQL: SHOW COLUMNS FROM `users` [ RunTime:0.0010s ]
SQL: SHOW COLUMNS FROM `login_failed` [ RunTime:0.0016s ]
SQL: SELECT * FROM `login_failed` WHERE ( email = 'admin@qq.com' and ip = '127.0.0.1' ) LIMIT 1   [ RunTime:0.0003s ]

[ 2017-11-02T16:03:53+08:00 ] 127.0.0.1 /admin/user/login
INFO: [ app_begin ] --START--
INFO: Run Behavior\ReadHtmlCacheBehavior [ RunTime:0.000346s ]
INFO: [ app_begin ] --END-- [ RunTime:0.000618s ]
SQL: SHOW COLUMNS FROM `users` [ RunTime:0.0006s ]
SQL: SHOW COLUMNS FROM `login_failed` [ RunTime:0.0022s ]
SQL: SELECT * FROM `login_failed` WHERE ( email = 'admin@qq.com' and ip = '127.0.0.1' ) LIMIT 1   [ RunTime:0.0013s ]

[ 2017-11-02T16:04:16+08:00 ] 127.0.0.1 /Admin/User/check_verify?code=72
INFO: [ app_begin ] --START--
INFO: Run Behavior\ReadHtmlCacheBehavior [ RunTime:0.000349s ]
INFO: [ app_begin ] --END-- [ RunTime:0.000612s ]

[ 2017-11-02T16:04:16+08:00 ] 127.0.0.1 /admin/user/login
INFO: [ app_begin ] --START--
INFO: Run Behavior\ReadHtmlCacheBehavior [ RunTime:0.000350s ]
INFO: [ app_begin ] --END-- [ RunTime:0.000617s ]
SQL: SHOW COLUMNS FROM `users` [ RunTime:0.0007s ]
SQL: SHOW COLUMNS FROM `login_failed` [ RunTime:0.0014s ]
SQL: SELECT * FROM `login_failed` WHERE ( email = 'admin@qq.com' and ip = '127.0.0.1' ) LIMIT 1   [ RunTime:0.0003s ]

[ 2017-11-02T16:04:55+08:00 ] 127.0.0.1 /admin/user/login
INFO: [ app_begin ] --START--
INFO: Run Behavior\ReadHtmlCacheBehavior [ RunTime:0.000344s ]
INFO: [ app_begin ] --END-- [ RunTime:0.000598s ]
SQL: SHOW COLUMNS FROM `users` [ RunTime:0.0006s ]
SQL: SHOW COLUMNS FROM `login_failed` [ RunTime:0.0028s ]
SQL: SELECT * FROM `login_failed` WHERE ( email = 'admin@qq.com' and ip = '127.0.0.1' ) LIMIT 1   [ RunTime:0.0005s ]

[ 2017-11-02T16:05:07+08:00 ] 127.0.0.1 /admin/user/login
INFO: [ app_begin ] --START--
INFO: Run Behavior\ReadHtmlCacheBehavior [ RunTime:0.000546s ]
INFO: [ app_begin ] --END-- [ RunTime:0.000952s ]
SQL: SHOW COLUMNS FROM `users` [ RunTime:0.0020s ]
SQL: SHOW COLUMNS FROM `login_failed` [ RunTime:0.0020s ]
SQL: SELECT * FROM `login_failed` WHERE ( email = 'admin@qq.com' and ip = '127.0.0.1' ) LIMIT 1   [ RunTime:0.0004s ]

[ 2017-11-02T16:05:51+08:00 ] 127.0.0.1 /admin/user/login
INFO: [ app_begin ] --START--
INFO: Run Behavior\ReadHtmlCacheBehavior [ RunTime:0.000459s ]
INFO: [ app_begin ] --END-- [ RunTime:0.000767s ]
SQL: SHOW COLUMNS FROM `users` [ RunTime:0.0008s ]
SQL: SHOW COLUMNS FROM `login_failed` [ RunTime:0.0018s ]
SQL: SELECT * FROM `login_failed` WHERE ( email = 'admin@qq.com' and ip = '127.0.0.1' ) LIMIT 1   [ RunTime:0.0004s ]

[ 2017-11-02T16:06:17+08:00 ] 127.0.0.1 /admin/user/login
INFO: [ app_begin ] --START--
INFO: Run Behavior\ReadHtmlCacheBehavior [ RunTime:0.000360s ]
INFO: [ app_begin ] --END-- [ RunTime:0.000630s ]
SQL: SHOW COLUMNS FROM `users` [ RunTime:0.0010s ]
SQL: SHOW COLUMNS FROM `login_failed` [ RunTime:0.0012s ]
SQL: SELECT * FROM `login_failed` WHERE ( email = 'admin@qq.com' and ip = '127.0.0.1' ) LIMIT 1   [ RunTime:0.0003s ]
SQL: SELECT * FROM `users` WHERE `email` = 'admin@qq.com' LIMIT 1   [ RunTime:0.0003s ]
SQL: SELECT * FROM `login_failed` WHERE ( email = 'admin@qq.com' and ip = '127.0.0.1' ) LIMIT 1   [ RunTime:0.0003s ]
SQL: UPDATE `login_failed` SET `login_at`='1509609977',`error_times`='1' WHERE `id` = 1 [ RunTime:0.0054s ]

[ 2017-11-02T16:07:23+08:00 ] 127.0.0.1 /admin/user/login
INFO: [ app_begin ] --START--
INFO: Run Behavior\ReadHtmlCacheBehavior [ RunTime:0.000348s ]
INFO: [ app_begin ] --END-- [ RunTime:0.000605s ]
SQL: SHOW COLUMNS FROM `users` [ RunTime:0.0006s ]
SQL: SHOW COLUMNS FROM `login_failed` [ RunTime:0.0012s ]
SQL: SELECT * FROM `login_failed` WHERE ( email = 'admin@qq.com' and ip = '127.0.0.1' ) LIMIT 1   [ RunTime:0.0003s ]
SQL: SELECT * FROM `users` WHERE `email` = 'admin@qq.com' LIMIT 1   [ RunTime:0.0004s ]
INFO: [ app_end ] --START--
INFO: Run Behavior\ShowPageTraceBehavior [ RunTime:0.000710s ]
INFO: [ app_end ] --END-- [ RunTime:0.000796s ]

