[ 2017-11-03T11:12:19+08:00 ] 127.0.0.1 /Admin/Index/admin-table.html
ERR: 非法操作:admin-table

[ 2017-11-03T11:12:24+08:00 ] 127.0.0.1 /Admin/Index/admin-table.html
ERR: 非法操作:admin-table

[ 2017-11-03T11:25:43+08:00 ] 127.0.0.1 /Admin/Index/admin-index.html
ERR: 非法操作:admin-index

[ 2017-11-03T13:06:02+08:00 ] 127.0.0.1 /Admin/Index/index
ERR: XML标签语法错误

[ 2017-11-03T13:07:37+08:00 ] 127.0.0.1 /Admin/Index/admin-index.html
ERR: 非法操作:admin-index

[ 2017-11-03T17:42:16+08:00 ] 127.0.0.1 /Admin/User/register
INFO: [ app_begin ] --START--
INFO: Run Behavior\ReadHtmlCacheBehavior [ RunTime:0.000338s ]
INFO: [ app_begin ] --END-- [ RunTime:0.000585s ]
INFO: [ view_parse ] --START--
INFO: [ template_filter ] --START--
INFO: Run Behavior\ContentReplaceBehavior [ RunTime:0.000066s ]
INFO: [ template_filter ] --END-- [ RunTime:0.000118s ]
NOTIC: [8] Use of undefined constant register - assumed 'register' C:\laragon\www\car\Application\Runtime\Cache\Admin\d2a2e44c7df21869a94b19380ddeab13.php 第 192 行.
INFO: Run Behavior\ParseTemplateBehavior [ RunTime:0.027872s ]
INFO: [ view_parse ] --END-- [ RunTime:0.027935s ]
INFO: [ view_filter ] --START--
INFO: Run Behavior\WriteHtmlCacheBehavior [ RunTime:0.000937s ]
INFO: [ view_filter ] --END-- [ RunTime:0.001191s ]
INFO: [ app_end ] --START--
INFO: Run Behavior\ShowPageTraceBehavior [ RunTime:0.000788s ]
INFO: [ app_end ] --END-- [ RunTime:0.000896s ]

[ 2017-11-03T17:42:40+08:00 ] 127.0.0.1 /Admin/User/register
INFO: [ app_begin ] --START--
INFO: Run Behavior\ReadHtmlCacheBehavior [ RunTime:0.000614s ]
INFO: [ app_begin ] --END-- [ RunTime:0.000947s ]
INFO: [ view_parse ] --START--
INFO: [ template_filter ] --START--
INFO: Run Behavior\ContentReplaceBehavior [ RunTime:0.000080s ]
INFO: [ template_filter ] --END-- [ RunTime:0.000166s ]
NOTIC: [8] Use of undefined constant register - assumed 'register' C:\laragon\www\car\Application\Runtime\Cache\Admin\d2a2e44c7df21869a94b19380ddeab13.php 第 192 行.
INFO: Run Behavior\ParseTemplateBehavior [ RunTime:0.038685s ]
INFO: [ view_parse ] --END-- [ RunTime:0.038790s ]
INFO: [ view_filter ] --START--
INFO: Run Behavior\WriteHtmlCacheBehavior [ RunTime:0.000722s ]
INFO: [ view_filter ] --END-- [ RunTime:0.000836s ]
INFO: [ app_end ] --START--
INFO: Run Behavior\ShowPageTraceBehavior [ RunTime:0.001245s ]
INFO: [ app_end ] --END-- [ RunTime:0.001358s ]

[ 2017-11-03T17:42:56+08:00 ] 127.0.0.1 /Admin/User/register
INFO: [ app_begin ] --START--
INFO: Run Behavior\ReadHtmlCacheBehavior [ RunTime:0.000396s ]
INFO: [ app_begin ] --END-- [ RunTime:0.000730s ]
INFO: [ view_parse ] --START--
INFO: [ template_filter ] --START--
INFO: Run Behavior\ContentReplaceBehavior [ RunTime:0.000074s ]
INFO: [ template_filter ] --END-- [ RunTime:0.000143s ]
NOTIC: [8] Use of undefined constant register - assumed 'register' C:\laragon\www\car\Application\Runtime\Cache\Admin\d2a2e44c7df21869a94b19380ddeab13.php 第 192 行.
INFO: Run Behavior\ParseTemplateBehavior [ RunTime:0.027708s ]
INFO: [ view_parse ] --END-- [ RunTime:0.027774s ]
INFO: [ view_filter ] --START--
INFO: Run Behavior\WriteHtmlCacheBehavior [ RunTime:0.000429s ]
INFO: [ view_filter ] --END-- [ RunTime:0.000506s ]
INFO: [ app_end ] --START--
INFO: Run Behavior\ShowPageTraceBehavior [ RunTime:0.000748s ]
INFO: [ app_end ] --END-- [ RunTime:0.000852s ]

[ 2017-11-03T17:50:10+08:00 ] 127.0.0.1 /Admin/User/register
INFO: [ app_begin ] --START--
INFO: Run Behavior\ReadHtmlCacheBehavior [ RunTime:0.000442s ]
INFO: [ app_begin ] --END-- [ RunTime:0.000762s ]

[ 2017-11-03T19:58:05+08:00 ] 127.0.0.1 /Admin/User/register
INFO: [ app_begin ] --START--
INFO: Run Behavior\ReadHtmlCacheBehavior [ RunTime:0.000893s ]
INFO: [ app_begin ] --END-- [ RunTime:0.001363s ]
SQL: SHOW COLUMNS FROM `user` [ RunTime:0.0032s ]
SQL: SELECT * FROM `user` WHERE ( "name=admin" ) LIMIT 1   [ RunTime:0.0008s ]
INFO: [ view_parse ] --START--
INFO: [ template_filter ] --START--
INFO: Run Behavior\ContentReplaceBehavior [ RunTime:0.000281s ]
INFO: [ template_filter ] --END-- [ RunTime:0.000603s ]
NOTIC: [8] Use of undefined constant register - assumed 'register' C:\laragon\www\car\Application\Runtime\Cache\Admin\d2a2e44c7df21869a94b19380ddeab13.php 第 191 行.
INFO: Run Behavior\ParseTemplateBehavior [ RunTime:0.020857s ]
INFO: [ view_parse ] --END-- [ RunTime:0.020914s ]
INFO: [ view_filter ] --START--
INFO: Run Behavior\WriteHtmlCacheBehavior [ RunTime:0.000336s ]
INFO: [ view_filter ] --END-- [ RunTime:0.000380s ]
INFO: [ app_end ] --START--
INFO: Run Behavior\ShowPageTraceBehavior [ RunTime:0.000902s ]
INFO: [ app_end ] --END-- [ RunTime:0.001006s ]

[ 2017-11-03T19:59:12+08:00 ] 127.0.0.1 /Admin/User/register
INFO: [ app_begin ] --START--
INFO: Run Behavior\ReadHtmlCacheBehavior [ RunTime:0.000509s ]
INFO: [ app_begin ] --END-- [ RunTime:0.000809s ]
SQL: SHOW COLUMNS FROM `user` [ RunTime:0.0035s ]
SQL: SELECT * FROM `user` WHERE ( "name=marc" ) LIMIT 1   [ RunTime:0.0004s ]
INFO: [ view_parse ] --START--
INFO: [ template_filter ] --START--
INFO: Run Behavior\ContentReplaceBehavior [ RunTime:0.000068s ]
INFO: [ template_filter ] --END-- [ RunTime:0.000125s ]
NOTIC: [8] Use of undefined constant register - assumed 'register' C:\laragon\www\car\Application\Runtime\Cache\Admin\d2a2e44c7df21869a94b19380ddeab13.php 第 191 行.
INFO: Run Behavior\ParseTemplateBehavior [ RunTime:0.023248s ]
INFO: [ view_parse ] --END-- [ RunTime:0.023301s ]
INFO: [ view_filter ] --START--
INFO: Run Behavior\WriteHtmlCacheBehavior [ RunTime:0.000298s ]
INFO: [ view_filter ] --END-- [ RunTime:0.000342s ]
INFO: [ app_end ] --START--
INFO: Run Behavior\ShowPageTraceBehavior [ RunTime:0.002468s ]
INFO: [ app_end ] --END-- [ RunTime:0.002705s ]

[ 2017-11-03T19:59:24+08:00 ] 127.0.0.1 /Admin/User/register
INFO: [ app_begin ] --START--
INFO: Run Behavior\ReadHtmlCacheBehavior [ RunTime:0.000823s ]
INFO: [ app_begin ] --END-- [ RunTime:0.002606s ]
SQL: SHOW COLUMNS FROM `user` [ RunTime:0.0019s ]
SQL: SELECT * FROM `user` WHERE ( "name=marc" ) LIMIT 1   [ RunTime:0.0002s ]
INFO: [ view_parse ] --START--
INFO: [ template_filter ] --START--
INFO: Run Behavior\ContentReplaceBehavior [ RunTime:0.000096s ]
INFO: [ template_filter ] --END-- [ RunTime:0.000175s ]
NOTIC: [8] Use of undefined constant register - assumed 'register' C:\laragon\www\car\Application\Runtime\Cache\Admin\d2a2e44c7df21869a94b19380ddeab13.php 第 191 行.
INFO: Run Behavior\ParseTemplateBehavior [ RunTime:0.028854s ]
INFO: [ view_parse ] --END-- [ RunTime:0.028908s ]
INFO: [ view_filter ] --START--
INFO: Run Behavior\WriteHtmlCacheBehavior [ RunTime:0.000224s ]
INFO: [ view_filter ] --END-- [ RunTime:0.000269s ]
INFO: [ app_end ] --START--
INFO: Run Behavior\ShowPageTraceBehavior [ RunTime:0.000705s ]
INFO: [ app_end ] --END-- [ RunTime:0.000828s ]

[ 2017-11-03T20:02:20+08:00 ] 127.0.0.1 /Admin/User/register
INFO: [ app_begin ] --START--
INFO: Run Behavior\ReadHtmlCacheBehavior [ RunTime:0.000498s ]
INFO: [ app_begin ] --END-- [ RunTime:0.000877s ]
SQL: SHOW COLUMNS FROM `user` [ RunTime:0.0012s ]
SQL: SELECT * FROM `user` WHERE ( "name=marc" ) LIMIT 1   [ RunTime:0.0003s ]
INFO: [ view_parse ] --START--
INFO: [ template_filter ] --START--
INFO: Run Behavior\ContentReplaceBehavior [ RunTime:0.000264s ]
INFO: [ template_filter ] --END-- [ RunTime:0.000502s ]
NOTIC: [8] Use of undefined constant register - assumed 'register' C:\laragon\www\car\Application\Runtime\Cache\Admin\d2a2e44c7df21869a94b19380ddeab13.php 第 191 行.
INFO: Run Behavior\ParseTemplateBehavior [ RunTime:0.022111s ]
INFO: [ view_parse ] --END-- [ RunTime:0.022167s ]
INFO: [ view_filter ] --START--
INFO: Run Behavior\WriteHtmlCacheBehavior [ RunTime:0.000341s ]
INFO: [ view_filter ] --END-- [ RunTime:0.000412s ]
INFO: [ app_end ] --START--
INFO: Run Behavior\ShowPageTraceBehavior [ RunTime:0.000747s ]
INFO: [ app_end ] --END-- [ RunTime:0.000864s ]

[ 2017-11-03T20:09:16+08:00 ] 127.0.0.1 /Admin/User/register
INFO: [ app_begin ] --START--
INFO: Run Behavior\ReadHtmlCacheBehavior [ RunTime:0.000462s ]
INFO: [ app_begin ] --END-- [ RunTime:0.000820s ]
SQL: SHOW COLUMNS FROM `user` [ RunTime:0.0018s ]

[ 2017-11-03T20:10:01+08:00 ] 127.0.0.1 /Admin/User/register
INFO: [ app_begin ] --START--
INFO: Run Behavior\ReadHtmlCacheBehavior [ RunTime:0.000353s ]
INFO: [ app_begin ] --END-- [ RunTime:0.000606s ]
SQL: SHOW COLUMNS FROM `user` [ RunTime:0.0025s ]
SQL: SELECT * FROM `user` WHERE ( "name=marc" ) LIMIT 1   [ RunTime:0.0015s ]
INFO: [ view_parse ] --START--
INFO: [ template_filter ] --START--
INFO: Run Behavior\ContentReplaceBehavior [ RunTime:0.000069s ]
INFO: [ template_filter ] --END-- [ RunTime:0.000126s ]
NOTIC: [8] Use of undefined constant register - assumed 'register' C:\laragon\www\car\Application\Runtime\Cache\Admin\d2a2e44c7df21869a94b19380ddeab13.php 第 191 行.
INFO: Run Behavior\ParseTemplateBehavior [ RunTime:0.025621s ]
INFO: [ view_parse ] --END-- [ RunTime:0.025715s ]
INFO: [ view_filter ] --START--
INFO: Run Behavior\WriteHtmlCacheBehavior [ RunTime:0.000295s ]
INFO: [ view_filter ] --END-- [ RunTime:0.000341s ]
INFO: [ app_end ] --START--
INFO: Run Behavior\ShowPageTraceBehavior [ RunTime:0.000924s ]
INFO: [ app_end ] --END-- [ RunTime:0.001068s ]

[ 2017-11-03T20:10:56+08:00 ] 127.0.0.1 /Admin/User/register
INFO: [ app_begin ] --START--
INFO: Run Behavior\ReadHtmlCacheBehavior [ RunTime:0.000367s ]
INFO: [ app_begin ] --END-- [ RunTime:0.000662s ]
SQL: SHOW COLUMNS FROM `user` [ RunTime:0.0007s ]
SQL: SELECT * FROM `user` WHERE ( "name=marc" ) LIMIT 1   [ RunTime:0.0002s ]
INFO: [ view_parse ] --START--
INFO: [ template_filter ] --START--
INFO: Run Behavior\ContentReplaceBehavior [ RunTime:0.000068s ]
INFO: [ template_filter ] --END-- [ RunTime:0.000122s ]
NOTIC: [8] Use of undefined constant register - assumed 'register' C:\laragon\www\car\Application\Runtime\Cache\Admin\d2a2e44c7df21869a94b19380ddeab13.php 第 191 行.
INFO: Run Behavior\ParseTemplateBehavior [ RunTime:0.021609s ]
INFO: [ view_parse ] --END-- [ RunTime:0.021669s ]
INFO: [ view_filter ] --START--
INFO: Run Behavior\WriteHtmlCacheBehavior [ RunTime:0.000355s ]
INFO: [ view_filter ] --END-- [ RunTime:0.000416s ]
INFO: [ app_end ] --START--
INFO: Run Behavior\ShowPageTraceBehavior [ RunTime:0.000777s ]
INFO: [ app_end ] --END-- [ RunTime:0.000887s ]

[ 2017-11-03T20:13:01+08:00 ] 127.0.0.1 /Admin/User/register
INFO: [ app_begin ] --START--
INFO: Run Behavior\ReadHtmlCacheBehavior [ RunTime:0.000562s ]
INFO: [ app_begin ] --END-- [ RunTime:0.000930s ]
SQL: SHOW COLUMNS FROM `user` [ RunTime:0.0018s ]
ERR: 1054:Unknown column 'marc' in 'where clause'
 [ SQL语句 ] : SELECT * FROM `user` WHERE ( marc ) LIMIT 1  
ERR: 1054:Unknown column 'marc' in 'where clause'
 [ SQL语句 ] : SELECT * FROM `user` WHERE ( marc ) LIMIT 1  

[ 2017-11-03T20:13:06+08:00 ] 127.0.0.1 /Admin/User/register
INFO: [ app_begin ] --START--
INFO: Run Behavior\ReadHtmlCacheBehavior [ RunTime:0.000788s ]
INFO: [ app_begin ] --END-- [ RunTime:0.001374s ]
SQL: SHOW COLUMNS FROM `user` [ RunTime:0.0015s ]
ERR: 1054:Unknown column 'marc' in 'where clause'
 [ SQL语句 ] : SELECT * FROM `user` WHERE ( marc ) LIMIT 1  
ERR: 1054:Unknown column 'marc' in 'where clause'
 [ SQL语句 ] : SELECT * FROM `user` WHERE ( marc ) LIMIT 1  

[ 2017-11-03T20:15:22+08:00 ] 127.0.0.1 /Admin/User/register
INFO: [ app_begin ] --START--
INFO: Run Behavior\ReadHtmlCacheBehavior [ RunTime:0.000456s ]
INFO: [ app_begin ] --END-- [ RunTime:0.000801s ]
SQL: SHOW COLUMNS FROM `user` [ RunTime:0.0012s ]
ERR: 1054:Unknown column 'marc' in 'where clause'
 [ SQL语句 ] : SELECT * FROM `user` WHERE ( name=marc ) LIMIT 1  
ERR: 1054:Unknown column 'marc' in 'where clause'
 [ SQL语句 ] : SELECT * FROM `user` WHERE ( name=marc ) LIMIT 1  

[ 2017-11-03T20:22:39+08:00 ] 127.0.0.1 /Admin/User/register
INFO: [ app_begin ] --START--
INFO: Run Behavior\ReadHtmlCacheBehavior [ RunTime:0.000463s ]
INFO: [ app_begin ] --END-- [ RunTime:0.000768s ]
SQL: SHOW COLUMNS FROM `user` [ RunTime:0.0033s ]
SQL: SELECT * FROM `user` WHERE ( name='marc' ) LIMIT 1   [ RunTime:0.0005s ]
INFO: [ view_parse ] --START--
INFO: [ template_filter ] --START--
INFO: Run Behavior\ContentReplaceBehavior [ RunTime:0.000071s ]
INFO: [ template_filter ] --END-- [ RunTime:0.000125s ]
NOTIC: [8] Use of undefined constant register - assumed 'register' C:\laragon\www\car\Application\Runtime\Cache\Admin\d2a2e44c7df21869a94b19380ddeab13.php 第 191 行.
INFO: Run Behavior\ParseTemplateBehavior [ RunTime:0.021941s ]
INFO: [ view_parse ] --END-- [ RunTime:0.022000s ]
INFO: [ view_filter ] --START--
INFO: Run Behavior\WriteHtmlCacheBehavior [ RunTime:0.000294s ]
INFO: [ view_filter ] --END-- [ RunTime:0.000339s ]
INFO: [ app_end ] --START--
INFO: Run Behavior\ShowPageTraceBehavior [ RunTime:0.000875s ]
INFO: [ app_end ] --END-- [ RunTime:0.000975s ]

[ 2017-11-03T20:28:36+08:00 ] 127.0.0.1 /Admin/User/register
INFO: [ app_begin ] --START--
INFO: Run Behavior\ReadHtmlCacheBehavior [ RunTime:0.000701s ]
INFO: [ app_begin ] --END-- [ RunTime:0.001094s ]
SQL: SHOW COLUMNS FROM `user` [ RunTime:0.0012s ]
SQL: SELECT * FROM `user` WHERE ( "name=seven" ) LIMIT 1   [ RunTime:0.0005s ]
INFO: [ view_parse ] --START--
INFO: [ template_filter ] --START--
INFO: Run Behavior\ContentReplaceBehavior [ RunTime:0.000106s ]
INFO: [ template_filter ] --END-- [ RunTime:0.000202s ]
NOTIC: [8] Use of undefined constant register - assumed 'register' C:\laragon\www\car\Application\Runtime\Cache\Admin\d2a2e44c7df21869a94b19380ddeab13.php 第 191 行.
INFO: Run Behavior\ParseTemplateBehavior [ RunTime:0.026011s ]
INFO: [ view_parse ] --END-- [ RunTime:0.026088s ]
INFO: [ view_filter ] --START--
INFO: Run Behavior\WriteHtmlCacheBehavior [ RunTime:0.000220s ]
INFO: [ view_filter ] --END-- [ RunTime:0.000263s ]
INFO: [ app_end ] --START--
INFO: Run Behavior\ShowPageTraceBehavior [ RunTime:0.000800s ]
INFO: [ app_end ] --END-- [ RunTime:0.000902s ]

[ 2017-11-03T20:29:19+08:00 ] 127.0.0.1 /Admin/User/register
INFO: [ app_begin ] --START--
INFO: Run Behavior\ReadHtmlCacheBehavior [ RunTime:0.000530s ]
INFO: [ app_begin ] --END-- [ RunTime:0.000894s ]
SQL: SHOW COLUMNS FROM `user` [ RunTime:0.0006s ]
SQL: SELECT * FROM `user` WHERE ( "name=seven" ) LIMIT 1   [ RunTime:0.0003s ]
INFO: [ view_parse ] --START--
INFO: [ template_filter ] --START--
INFO: Run Behavior\ContentReplaceBehavior [ RunTime:0.000109s ]
INFO: [ template_filter ] --END-- [ RunTime:0.000219s ]
NOTIC: [8] Use of undefined constant register - assumed 'register' C:\laragon\www\car\Application\Runtime\Cache\Admin\d2a2e44c7df21869a94b19380ddeab13.php 第 191 行.
INFO: Run Behavior\ParseTemplateBehavior [ RunTime:0.024019s ]
INFO: [ view_parse ] --END-- [ RunTime:0.024079s ]
INFO: [ view_filter ] --START--
INFO: Run Behavior\WriteHtmlCacheBehavior [ RunTime:0.000225s ]
INFO: [ view_filter ] --END-- [ RunTime:0.000274s ]
INFO: [ app_end ] --START--
INFO: Run Behavior\ShowPageTraceBehavior [ RunTime:0.001198s ]
INFO: [ app_end ] --END-- [ RunTime:0.001309s ]

[ 2017-11-03T20:29:42+08:00 ] 127.0.0.1 /Admin/User/register
INFO: [ app_begin ] --START--
INFO: Run Behavior\ReadHtmlCacheBehavior [ RunTime:0.000707s ]
INFO: [ app_begin ] --END-- [ RunTime:0.001091s ]
SQL: SHOW COLUMNS FROM `user` [ RunTime:0.0007s ]
SQL: SELECT * FROM `user` WHERE ( "name=seven" ) LIMIT 1   [ RunTime:0.0003s ]
INFO: [ view_parse ] --START--
INFO: [ template_filter ] --START--
INFO: Run Behavior\ContentReplaceBehavior [ RunTime:0.000099s ]
INFO: [ template_filter ] --END-- [ RunTime:0.000200s ]
NOTIC: [8] Use of undefined constant register - assumed 'register' C:\laragon\www\car\Application\Runtime\Cache\Admin\d2a2e44c7df21869a94b19380ddeab13.php 第 191 行.
INFO: Run Behavior\ParseTemplateBehavior [ RunTime:0.023358s ]
INFO: [ view_parse ] --END-- [ RunTime:0.023411s ]
INFO: [ view_filter ] --START--
INFO: Run Behavior\WriteHtmlCacheBehavior [ RunTime:0.000227s ]
INFO: [ view_filter ] --END-- [ RunTime:0.000271s ]
INFO: [ app_end ] --START--
INFO: Run Behavior\ShowPageTraceBehavior [ RunTime:0.000715s ]
INFO: [ app_end ] --END-- [ RunTime:0.000825s ]

[ 2017-11-03T20:31:05+08:00 ] 127.0.0.1 /Admin/User/register
INFO: [ app_begin ] --START--
INFO: Run Behavior\ReadHtmlCacheBehavior [ RunTime:0.000560s ]
INFO: [ app_begin ] --END-- [ RunTime:0.000946s ]
SQL: SHOW COLUMNS FROM `user` [ RunTime:0.0006s ]
ERR: 1054:Unknown column 'seven' in 'where clause'
 [ SQL语句 ] : SELECT * FROM `user` WHERE ( name=seven ) LIMIT 1  
ERR: 1054:Unknown column 'seven' in 'where clause'
 [ SQL语句 ] : SELECT * FROM `user` WHERE ( name=seven ) LIMIT 1  

[ 2017-11-03T20:34:47+08:00 ] 127.0.0.1 /Admin/User/register
INFO: [ app_begin ] --START--
INFO: Run Behavior\ReadHtmlCacheBehavior [ RunTime:0.000438s ]
INFO: [ app_begin ] --END-- [ RunTime:0.000726s ]
SQL: SHOW COLUMNS FROM `user` [ RunTime:0.0006s ]
SQL: SELECT * FROM `user` WHERE ( name="seven" ) LIMIT 1   [ RunTime:0.0003s ]
INFO: [ view_parse ] --START--
INFO: [ template_filter ] --START--
INFO: Run Behavior\ContentReplaceBehavior [ RunTime:0.000102s ]
INFO: [ template_filter ] --END-- [ RunTime:0.000168s ]
NOTIC: [8] Use of undefined constant register - assumed 'register' C:\laragon\www\car\Application\Runtime\Cache\Admin\d2a2e44c7df21869a94b19380ddeab13.php 第 191 行.
INFO: Run Behavior\ParseTemplateBehavior [ RunTime:0.023677s ]
INFO: [ view_parse ] --END-- [ RunTime:0.023730s ]
INFO: [ view_filter ] --START--
INFO: Run Behavior\WriteHtmlCacheBehavior [ RunTime:0.000317s ]
INFO: [ view_filter ] --END-- [ RunTime:0.000361s ]
INFO: [ app_end ] --START--
INFO: Run Behavior\ShowPageTraceBehavior [ RunTime:0.001056s ]
INFO: [ app_end ] --END-- [ RunTime:0.001163s ]

[ 2017-11-03T20:35:25+08:00 ] 127.0.0.1 /Admin/User/register
INFO: [ app_begin ] --START--
INFO: Run Behavior\ReadHtmlCacheBehavior [ RunTime:0.000563s ]
INFO: [ app_begin ] --END-- [ RunTime:0.000933s ]
SQL: SHOW COLUMNS FROM `user` [ RunTime:0.0006s ]
SQL: SELECT * FROM `user` WHERE ( name="seven" ) LIMIT 1   [ RunTime:0.0003s ]

[ 2017-11-03T20:36:18+08:00 ] 127.0.0.1 /Admin/User/register
INFO: [ app_begin ] --START--
INFO: Run Behavior\ReadHtmlCacheBehavior [ RunTime:0.000360s ]
INFO: [ app_begin ] --END-- [ RunTime:0.000616s ]
SQL: SHOW COLUMNS FROM `user` [ RunTime:0.0006s ]
SQL: SELECT * FROM `user` WHERE ( name="seven" ) LIMIT 1   [ RunTime:0.0003s ]

[ 2017-11-03T21:10:12+08:00 ] 127.0.0.1 /Admin/User/register
INFO: [ app_begin ] --START--
INFO: Run Behavior\ReadHtmlCacheBehavior [ RunTime:0.000456s ]
INFO: [ app_begin ] --END-- [ RunTime:0.000871s ]
SQL: SHOW COLUMNS FROM `user` [ RunTime:0.0007s ]
SQL: SELECT * FROM `user` WHERE ( name="admin" ) LIMIT 1   [ RunTime:0.0003s ]
SQL: SELECT * FROM `user` WHERE ( email="admin@a.com" ) LIMIT 1   [ RunTime:0.0002s ]
SQL: SELECT * FROM `user` WHERE ( phone="13244444444" ) LIMIT 1   [ RunTime:0.0002s ]
SQL: INSERT INTO `user` (`name`,`email`,`phone`,`password`,`created_at`,`token`) VALUES ('admin','admin@a.com','13244444444','admin','1509714612','8dfd4abb8fba78c7ef95932891fb537c06a9cfbdcab116ccffac92ecdf5bce15') [ RunTime:0.0018s ]
INFO: [ view_parse ] --START--
INFO: [ template_filter ] --START--
INFO: Run Behavior\ContentReplaceBehavior [ RunTime:0.000071s ]
INFO: [ template_filter ] --END-- [ RunTime:0.000128s ]
NOTIC: [8] Use of undefined constant register - assumed 'register' C:\laragon\www\car\Application\Runtime\Cache\Admin\d2a2e44c7df21869a94b19380ddeab13.php 第 191 行.
INFO: Run Behavior\ParseTemplateBehavior [ RunTime:0.020460s ]
INFO: [ view_parse ] --END-- [ RunTime:0.020521s ]
INFO: [ view_filter ] --START--
INFO: Run Behavior\WriteHtmlCacheBehavior [ RunTime:0.000340s ]
INFO: [ view_filter ] --END-- [ RunTime:0.000384s ]
INFO: [ app_end ] --START--
INFO: Run Behavior\ShowPageTraceBehavior [ RunTime:0.001003s ]
INFO: [ app_end ] --END-- [ RunTime:0.001103s ]

[ 2017-11-03T21:10:15+08:00 ] 127.0.0.1 /Admin/User/register
INFO: [ app_begin ] --START--
INFO: Run Behavior\ReadHtmlCacheBehavior [ RunTime:0.000353s ]
INFO: [ app_begin ] --END-- [ RunTime:0.000623s ]
SQL: SHOW COLUMNS FROM `user` [ RunTime:0.0008s ]
SQL: SELECT * FROM `user` WHERE ( name="admin" ) LIMIT 1   [ RunTime:0.0004s ]

[ 2017-11-03T21:19:10+08:00 ] 127.0.0.1 /Admin/User/admin-index.html
ERR: 非法操作:admin-index

[ 2017-11-03T22:12:29+08:00 ] 127.0.0.1 /Admin/User/index
ERR: Call to undefined function 2017-11-03 22:12:29()

[ 2017-11-03T22:12:46+08:00 ] 127.0.0.1 /Admin/User/index
ERR: Call to undefined function 2017-11-03 22:12:46()

[ 2017-11-03T22:13:28+08:00 ] 127.0.0.1 /Admin/User/index
ERR: syntax error, unexpected '?>'

[ 2017-11-03T22:57:37+08:00 ] 127.0.0.1 /Admin/User/admin-log.html
ERR: 非法操作:admin-log

[ 2017-11-03T23:51:04+08:00 ] 127.0.0.1 /Admin/User/check_verify?code=05
INFO: [ app_begin ] --START--
INFO: Run Behavior\ReadHtmlCacheBehavior [ RunTime:0.001114s ]
INFO: [ app_begin ] --END-- [ RunTime:0.001921s ]

[ 2017-11-03T23:51:06+08:00 ] 127.0.0.1 /Admin/User/login
INFO: [ app_begin ] --START--
INFO: Run Behavior\ReadHtmlCacheBehavior [ RunTime:0.000343s ]
INFO: [ app_begin ] --END-- [ RunTime:0.000599s ]
SQL: SHOW COLUMNS FROM `user` [ RunTime:0.0008s ]
SQL: SHOW COLUMNS FROM `login_failed` [ RunTime:0.0008s ]
SQL: SELECT * FROM `login_failed` WHERE ( email = 'admin@qq.com' and ip = '127.0.0.1' ) LIMIT 1   [ RunTime:0.0006s ]
SQL: SELECT * FROM `user` WHERE `email` = 'admin@qq.com' LIMIT 1   [ RunTime:0.0004s ]
INFO: [ app_end ] --START--
INFO: Run Behavior\ShowPageTraceBehavior [ RunTime:0.000518s ]
INFO: [ app_end ] --END-- [ RunTime:0.000623s ]

